2025-03-20 21:48:30 [main] INFO  org.openCart.BaseTest - Starting setUp method
2025-03-20 21:48:34 [main] INFO  org.openCart.BaseTest - setUp method completed -- browser opened
2025-03-20 21:48:35 [main] INFO  org.openCart.Utils.TestUtils - Dropdown clicked
2025-03-20 21:48:35 [main] INFO  org.openCart.Utils.TestUtils - Register button clicked
2025-03-20 21:48:35 [main] INFO  org.openCart.Utils.TestUtils - Registration page launched
2025-03-20 21:48:36 [main] INFO  org.openCart.Utils.TestUtils - Text shubham entered
2025-03-20 21:48:36 [main] INFO  org.openCart.Utils.TestUtils - First name shubham entered
2025-03-20 21:48:36 [main] INFO  org.openCart.Utils.TestUtils - Text chakole entered
2025-03-20 21:48:36 [main] INFO  org.openCart.Utils.TestUtils - Last name chakole entered
2025-03-20 21:48:36 [main] INFO  org.openCart.Utils.TestUtils - Text shubhamchakole@gmail.com entered
2025-03-20 21:48:36 [main] INFO  org.openCart.Utils.TestUtils - Email shubhamchakole@gmail.com entered
2025-03-20 21:48:36 [main] INFO  org.openCart.Utils.TestUtils - Text 8055899488 entered
2025-03-20 21:48:36 [main] INFO  org.openCart.Utils.TestUtils - Telephone8055899488 entered
2025-03-20 21:48:36 [main] INFO  org.openCart.Utils.TestUtils - Text Shubham@123 entered
2025-03-20 21:48:36 [main] INFO  org.openCart.Utils.TestUtils - Password Shubham@123 entered
2025-03-20 21:48:36 [main] INFO  org.openCart.Utils.TestUtils - Text Shubham entered
2025-03-20 21:48:37 [main] INFO  org.openCart.Utils.TestUtils - Agree button clicked
2025-03-20 21:48:38 [main] INFO  org.openCart.Utils.TestUtils - Button Continue clicked
2025-03-20 21:48:38 [main] INFO  org.openCart.Utils.TestUtils - Register button clicked
2025-03-20 21:49:08 [main] ERROR org.openCart.Utils.TestUtils - Text Shubhamis not found
ErrorExpected condition failed: waiting for text ('Shubham') to be present in element found by By.xpath: //*[contains(text(),'Shubham')] (tried for 30 second(s) with 500 milliseconds interval)
2025-03-20 21:49:08 [main] INFO  org.openCart.BaseTest - Starting setUp method
2025-03-20 21:49:10 [main] INFO  org.openCart.BaseTest - setUp method completed -- browser opened
2025-03-20 21:49:11 [main] INFO  org.openCart.Utils.TestUtils - Dropdown clicked
2025-03-20 21:49:11 [main] INFO  org.openCart.Utils.TestUtils - Register button clicked
2025-03-20 21:49:11 [main] INFO  org.openCart.Utils.TestUtils - Registration page launched
2025-03-20 21:49:11 [main] INFO  org.openCart.Utils.TestUtils - Text shubham entered
2025-03-20 21:49:11 [main] INFO  org.openCart.Utils.TestUtils - First name shubham entered
2025-03-20 21:49:11 [main] INFO  org.openCart.Utils.TestUtils - Text chakole entered
2025-03-20 21:49:11 [main] INFO  org.openCart.Utils.TestUtils - Last name chakole entered
2025-03-20 21:49:11 [main] INFO  org.openCart.Utils.TestUtils - Text shubhamchakole@gmail.com entered
2025-03-20 21:49:11 [main] INFO  org.openCart.Utils.TestUtils - Email shubhamchakole@gmail.com entered
2025-03-20 21:49:12 [main] INFO  org.openCart.Utils.TestUtils - Text 8055899488 entered
2025-03-20 21:49:12 [main] INFO  org.openCart.Utils.TestUtils - Telephone8055899488 entered
2025-03-20 21:49:12 [main] INFO  org.openCart.Utils.TestUtils - Text Shubham@123 entered
2025-03-20 21:49:12 [main] INFO  org.openCart.Utils.TestUtils - Password Shubham@123 entered
2025-03-20 21:49:12 [main] INFO  org.openCart.Utils.TestUtils - Text Shubham entered
2025-03-20 21:49:13 [main] INFO  org.openCart.Utils.TestUtils - Agree button clicked
2025-03-20 21:49:13 [main] INFO  org.openCart.Utils.TestUtils - Button Continue clicked
2025-03-20 21:49:13 [main] INFO  org.openCart.Utils.TestUtils - Register button clicked
2025-03-20 21:49:43 [main] ERROR org.openCart.Utils.TestUtils - Text Shubhamis not found
ErrorExpected condition failed: waiting for text ('Shubham') to be present in element found by By.xpath: //*[contains(text(),'Shubham')] (tried for 30 second(s) with 500 milliseconds interval)
2025-03-20 21:49:43 [main] INFO  org.openCart.Utils.TestListener - onTestFailure method executing
2025-03-20 21:49:44 [main] INFO  org.openCart.BaseTest - TearDown method executing
2025-03-20 21:49:44 [main] INFO  org.openCart.BaseTest - Browser closed
2025-03-20 21:49:44 [main] INFO  org.openCart.Utils.TestListener - onTestFailure method executing
2025-03-20 21:55:54 [main] INFO  org.openCart.BaseTest - Starting setUp method
2025-03-20 21:55:57 [main] INFO  org.openCart.BaseTest - setUp method completed -- browser opened
2025-03-20 21:55:58 [main] INFO  org.openCart.Utils.TestUtils - Dropdown clicked
2025-03-20 21:55:58 [main] INFO  org.openCart.Utils.TestUtils - Register button clicked
2025-03-20 21:55:58 [main] INFO  org.openCart.Utils.TestUtils - Registration page launched
2025-03-20 21:55:59 [main] INFO  org.openCart.Utils.TestUtils - Text shubham entered
2025-03-20 21:55:59 [main] INFO  org.openCart.Utils.TestUtils - First name shubham entered
2025-03-20 21:55:59 [main] INFO  org.openCart.Utils.TestUtils - Text chakole entered
2025-03-20 21:55:59 [main] INFO  org.openCart.Utils.TestUtils - Last name chakole entered
2025-03-20 21:55:59 [main] INFO  org.openCart.Utils.TestUtils - Text shubhamchakole@gmail.com entered
2025-03-20 21:55:59 [main] INFO  org.openCart.Utils.TestUtils - Email shubhamchakole@gmail.com entered
2025-03-20 21:55:59 [main] INFO  org.openCart.Utils.TestUtils - Text 8055899488 entered
2025-03-20 21:55:59 [main] INFO  org.openCart.Utils.TestUtils - Telephone8055899488 entered
2025-03-20 21:56:00 [main] INFO  org.openCart.Utils.TestUtils - Text Shubham@123 entered
2025-03-20 21:56:00 [main] INFO  org.openCart.Utils.TestUtils - Password Shubham@123 entered
2025-03-20 21:56:00 [main] INFO  org.openCart.Utils.TestUtils - Text Shubham entered
2025-03-20 21:56:01 [main] INFO  org.openCart.Utils.TestUtils - Agree button clicked
2025-03-20 21:56:02 [main] INFO  org.openCart.Utils.TestUtils - Button Continue clicked
2025-03-20 21:56:02 [main] INFO  org.openCart.Utils.TestUtils - Register button clicked
2025-03-20 21:56:32 [main] ERROR org.openCart.Utils.TestUtils - Text Shubhamis not found
ErrorExpected condition failed: waiting for text ('Shubham') to be present in element found by By.xpath: //*[contains(text(),'Shubham')] (tried for 30 second(s) with 500 milliseconds interval)
2025-03-20 21:56:32 [main] INFO  org.openCart.BaseTest - Starting setUp method
2025-03-20 21:56:34 [main] INFO  org.openCart.BaseTest - setUp method completed -- browser opened
2025-03-20 21:56:34 [main] INFO  org.openCart.Utils.TestUtils - Dropdown clicked
2025-03-20 21:56:35 [main] INFO  org.openCart.Utils.TestUtils - Register button clicked
2025-03-20 21:56:35 [main] INFO  org.openCart.Utils.TestUtils - Registration page launched
2025-03-20 21:56:35 [main] INFO  org.openCart.Utils.TestUtils - Text shubham entered
2025-03-20 21:56:35 [main] INFO  org.openCart.Utils.TestUtils - First name shubham entered
2025-03-20 21:56:35 [main] INFO  org.openCart.Utils.TestUtils - Text chakole entered
2025-03-20 21:56:35 [main] INFO  org.openCart.Utils.TestUtils - Last name chakole entered
2025-03-20 21:56:35 [main] INFO  org.openCart.Utils.TestUtils - Text shubhamchakole@gmail.com entered
2025-03-20 21:56:35 [main] INFO  org.openCart.Utils.TestUtils - Email shubhamchakole@gmail.com entered
2025-03-20 21:56:35 [main] INFO  org.openCart.Utils.TestUtils - Text 8055899488 entered
2025-03-20 21:56:35 [main] INFO  org.openCart.Utils.TestUtils - Telephone8055899488 entered
2025-03-20 21:56:35 [main] INFO  org.openCart.Utils.TestUtils - Text Shubham@123 entered
2025-03-20 21:56:35 [main] INFO  org.openCart.Utils.TestUtils - Password Shubham@123 entered
2025-03-20 21:56:35 [main] INFO  org.openCart.Utils.TestUtils - Text Shubham entered
2025-03-20 21:56:36 [main] INFO  org.openCart.Utils.TestUtils - Agree button clicked
2025-03-20 21:56:36 [main] INFO  org.openCart.Utils.TestUtils - Button Continue clicked
2025-03-20 21:56:36 [main] INFO  org.openCart.Utils.TestUtils - Register button clicked
2025-03-20 21:57:07 [main] ERROR org.openCart.Utils.TestUtils - Text Shubhamis not found
ErrorExpected condition failed: waiting for text ('Shubham') to be present in element found by By.xpath: //*[contains(text(),'Shubham')] (tried for 30 second(s) with 500 milliseconds interval)
2025-03-20 21:57:07 [main] INFO  org.openCart.Utils.TestListener - onTestFailure method executing
2025-03-20 21:57:07 [main] INFO  org.openCart.BaseTest - TearDown method executing
2025-03-20 21:57:07 [main] INFO  org.openCart.BaseTest - Browser closed
2025-03-20 21:57:07 [main] INFO  org.openCart.Utils.TestListener - onTestFailure method executing
2025-03-20 21:58:53 [main] INFO  org.openCart.BaseTest - Starting setUp method
2025-03-20 21:58:55 [main] INFO  org.openCart.BaseTest - setUp method completed -- browser opened
2025-03-20 21:58:56 [main] INFO  org.openCart.Utils.TestUtils - Dropdown clicked
2025-03-20 21:58:56 [main] INFO  org.openCart.Utils.TestUtils - Register button clicked
2025-03-20 21:58:56 [main] INFO  org.openCart.Utils.TestUtils - Registration page launched
2025-03-20 21:58:56 [main] INFO  org.openCart.Utils.TestUtils - Text shubham entered
2025-03-20 21:58:56 [main] INFO  org.openCart.Utils.TestUtils - First name shubham entered
2025-03-20 21:58:56 [main] INFO  org.openCart.Utils.TestUtils - Text chakole entered
2025-03-20 21:58:56 [main] INFO  org.openCart.Utils.TestUtils - Last name chakole entered
2025-03-20 21:58:56 [main] INFO  org.openCart.Utils.TestUtils - Text shubhamchakole@gmail.com entered
2025-03-20 21:58:56 [main] INFO  org.openCart.Utils.TestUtils - Email shubhamchakole@gmail.com entered
2025-03-20 21:58:57 [main] INFO  org.openCart.Utils.TestUtils - Text 8055899488 entered
2025-03-20 21:58:57 [main] INFO  org.openCart.Utils.TestUtils - Telephone8055899488 entered
2025-03-20 21:58:57 [main] INFO  org.openCart.Utils.TestUtils - Text Shubham@123 entered
2025-03-20 21:58:57 [main] INFO  org.openCart.Utils.TestUtils - Password Shubham@123 entered
2025-03-20 21:58:57 [main] INFO  org.openCart.Utils.TestUtils - Text Shubham entered
2025-03-20 21:58:58 [main] INFO  org.openCart.Utils.TestUtils - Agree button clicked
2025-03-20 21:58:58 [main] INFO  org.openCart.Utils.TestUtils - Button Continue clicked
2025-03-20 21:58:58 [main] INFO  org.openCart.Utils.TestUtils - Register button clicked
2025-03-20 21:59:29 [main] ERROR org.openCart.Utils.TestUtils - Text Shubhamis not found
ErrorExpected condition failed: waiting for text ('Shubham') to be present in element found by By.xpath: //*[contains(text(),'Shubham')] (tried for 30 second(s) with 500 milliseconds interval)
2025-03-20 21:59:29 [main] INFO  org.openCart.BaseTest - Starting setUp method
2025-03-20 21:59:31 [main] INFO  org.openCart.BaseTest - setUp method completed -- browser opened
2025-03-20 21:59:31 [main] INFO  org.openCart.Utils.TestUtils - Dropdown clicked
2025-03-20 21:59:32 [main] INFO  org.openCart.Utils.TestUtils - Register button clicked
2025-03-20 21:59:32 [main] INFO  org.openCart.Utils.TestUtils - Registration page launched
2025-03-20 21:59:32 [main] INFO  org.openCart.Utils.TestUtils - Text shubham entered
2025-03-20 21:59:32 [main] INFO  org.openCart.Utils.TestUtils - First name shubham entered
2025-03-20 21:59:32 [main] INFO  org.openCart.Utils.TestUtils - Text chakole entered
2025-03-20 21:59:32 [main] INFO  org.openCart.Utils.TestUtils - Last name chakole entered
2025-03-20 21:59:32 [main] INFO  org.openCart.Utils.TestUtils - Text shubhamchakole@gmail.com entered
2025-03-20 21:59:32 [main] INFO  org.openCart.Utils.TestUtils - Email shubhamchakole@gmail.com entered
2025-03-20 21:59:32 [main] INFO  org.openCart.Utils.TestUtils - Text 8055899488 entered
2025-03-20 21:59:32 [main] INFO  org.openCart.Utils.TestUtils - Telephone8055899488 entered
2025-03-20 21:59:32 [main] INFO  org.openCart.Utils.TestUtils - Text Shubham@123 entered
2025-03-20 21:59:32 [main] INFO  org.openCart.Utils.TestUtils - Password Shubham@123 entered
2025-03-20 21:59:32 [main] INFO  org.openCart.Utils.TestUtils - Text Shubham entered
2025-03-20 21:59:33 [main] INFO  org.openCart.Utils.TestUtils - Agree button clicked
2025-03-20 21:59:34 [main] INFO  org.openCart.Utils.TestUtils - Button Continue clicked
2025-03-20 21:59:34 [main] INFO  org.openCart.Utils.TestUtils - Register button clicked
2025-03-20 22:00:04 [main] ERROR org.openCart.Utils.TestUtils - Text Shubhamis not found
ErrorExpected condition failed: waiting for text ('Shubham') to be present in element found by By.xpath: //*[contains(text(),'Shubham')] (tried for 30 second(s) with 500 milliseconds interval)
2025-03-20 22:00:04 [main] INFO  org.openCart.Utils.TestListener - onTestFailure method executing
2025-03-20 22:00:04 [main] INFO  org.openCart.BaseTest - TearDown method executing
2025-03-20 22:00:05 [main] INFO  org.openCart.BaseTest - Browser closed
2025-03-20 22:00:05 [main] INFO  org.openCart.Utils.TestListener - onTestFailure method executing
2025-03-20 22:16:00 [main] INFO  org.openCart.BaseTest - Starting setUp method
2025-03-20 22:16:04 [main] INFO  org.openCart.BaseTest - setUp method completed -- browser opened
2025-03-20 22:16:04 [main] INFO  org.openCart.Utils.TestUtils - Dropdown clicked
2025-03-20 22:16:05 [main] INFO  org.openCart.Utils.TestUtils - Register button clicked
2025-03-20 22:16:05 [main] INFO  org.openCart.Utils.TestUtils - Registration page launched
2025-03-20 22:16:05 [main] INFO  org.openCart.Utils.TestUtils - Text shubham entered
2025-03-20 22:16:05 [main] INFO  org.openCart.Utils.TestUtils - First name shubham entered
2025-03-20 22:16:05 [main] INFO  org.openCart.Utils.TestUtils - Text chakole entered
2025-03-20 22:16:05 [main] INFO  org.openCart.Utils.TestUtils - Last name chakole entered
2025-03-20 22:16:05 [main] INFO  org.openCart.Utils.TestUtils - Text shubhamchakole@gmail.com entered
2025-03-20 22:16:05 [main] INFO  org.openCart.Utils.TestUtils - Email shubhamchakole@gmail.com entered
2025-03-20 22:16:05 [main] INFO  org.openCart.Utils.TestUtils - Text 8055899488 entered
2025-03-20 22:16:05 [main] INFO  org.openCart.Utils.TestUtils - Telephone8055899488 entered
2025-03-20 22:16:05 [main] INFO  org.openCart.Utils.TestUtils - Text Shubham@123 entered
2025-03-20 22:16:05 [main] INFO  org.openCart.Utils.TestUtils - Password Shubham@123 entered
2025-03-20 22:16:06 [main] INFO  org.openCart.Utils.TestUtils - Text Shubham entered
2025-03-20 22:16:07 [main] INFO  org.openCart.Utils.TestUtils - Agree button clicked
2025-03-20 22:16:07 [main] INFO  org.openCart.Utils.TestUtils - Button Continue clicked
2025-03-20 22:16:07 [main] INFO  org.openCart.Utils.TestUtils - Register button clicked
2025-03-20 22:16:37 [main] ERROR org.openCart.Utils.TestUtils - Text Shubhamis not found
ErrorExpected condition failed: waiting for text ('Shubham') to be present in element found by By.xpath: //*[contains(text(),'Shubham')] (tried for 30 second(s) with 500 milliseconds interval)
2025-03-20 22:16:38 [main] INFO  org.openCart.BaseTest - Starting setUp method
2025-03-20 22:16:39 [main] INFO  org.openCart.BaseTest - setUp method completed -- browser opened
2025-03-20 22:16:40 [main] INFO  org.openCart.Utils.TestUtils - Dropdown clicked
2025-03-20 22:16:40 [main] INFO  org.openCart.Utils.TestUtils - Register button clicked
2025-03-20 22:16:40 [main] INFO  org.openCart.Utils.TestUtils - Registration page launched
2025-03-20 22:16:40 [main] INFO  org.openCart.Utils.TestUtils - Text shubham entered
2025-03-20 22:16:40 [main] INFO  org.openCart.Utils.TestUtils - First name shubham entered
2025-03-20 22:16:40 [main] INFO  org.openCart.Utils.TestUtils - Text chakole entered
2025-03-20 22:16:40 [main] INFO  org.openCart.Utils.TestUtils - Last name chakole entered
2025-03-20 22:16:40 [main] INFO  org.openCart.Utils.TestUtils - Text shubhamchakole@gmail.com entered
2025-03-20 22:16:40 [main] INFO  org.openCart.Utils.TestUtils - Email shubhamchakole@gmail.com entered
2025-03-20 22:16:40 [main] INFO  org.openCart.Utils.TestUtils - Text 8055899488 entered
2025-03-20 22:16:40 [main] INFO  org.openCart.Utils.TestUtils - Telephone8055899488 entered
2025-03-20 22:16:40 [main] INFO  org.openCart.Utils.TestUtils - Text Shubham@123 entered
2025-03-20 22:16:40 [main] INFO  org.openCart.Utils.TestUtils - Password Shubham@123 entered
2025-03-20 22:16:40 [main] INFO  org.openCart.Utils.TestUtils - Text Shubham entered
2025-03-20 22:16:41 [main] INFO  org.openCart.Utils.TestUtils - Agree button clicked
2025-03-20 22:16:42 [main] INFO  org.openCart.Utils.TestUtils - Button Continue clicked
2025-03-20 22:16:42 [main] INFO  org.openCart.Utils.TestUtils - Register button clicked
2025-03-20 22:17:12 [main] ERROR org.openCart.Utils.TestUtils - Text Shubhamis not found
ErrorExpected condition failed: waiting for text ('Shubham') to be present in element found by By.xpath: //*[contains(text(),'Shubham')] (tried for 30 second(s) with 500 milliseconds interval)
2025-03-20 22:17:12 [main] INFO  org.openCart.Utils.TestListener - onTestFailure method executing
2025-03-20 22:17:12 [main] INFO  org.openCart.Utils.TestListener - catch block executed-- onTestFailure
2025-03-20 22:17:12 [main] INFO  org.openCart.BaseTest - TearDown method executing
2025-03-20 22:17:13 [main] INFO  org.openCart.BaseTest - Browser closed
2025-03-20 22:17:13 [main] INFO  org.openCart.Utils.TestListener - onTestFailure method executing
2025-03-20 22:20:49 [main] INFO  org.openCart.BaseTest - Starting setUp method
2025-03-20 22:20:52 [main] INFO  org.openCart.BaseTest - setUp method completed -- browser opened
2025-03-20 22:20:52 [main] INFO  org.openCart.Utils.TestUtils - Dropdown clicked
2025-03-20 22:20:52 [main] INFO  org.openCart.Utils.TestUtils - Register button clicked
2025-03-20 22:20:52 [main] INFO  org.openCart.Utils.TestUtils - Registration page launched
2025-03-20 22:20:53 [main] INFO  org.openCart.Utils.TestUtils - Text shubham entered
2025-03-20 22:20:53 [main] INFO  org.openCart.Utils.TestUtils - First name shubham entered
2025-03-20 22:20:53 [main] INFO  org.openCart.Utils.TestUtils - Text chakole entered
2025-03-20 22:20:53 [main] INFO  org.openCart.Utils.TestUtils - Last name chakole entered
2025-03-20 22:20:53 [main] INFO  org.openCart.Utils.TestUtils - Text shubhamchakole@gmail.com entered
2025-03-20 22:20:53 [main] INFO  org.openCart.Utils.TestUtils - Email shubhamchakole@gmail.com entered
2025-03-20 22:20:53 [main] INFO  org.openCart.Utils.TestUtils - Text 8055899488 entered
2025-03-20 22:20:53 [main] INFO  org.openCart.Utils.TestUtils - Telephone8055899488 entered
2025-03-20 22:20:53 [main] INFO  org.openCart.Utils.TestUtils - Text Shubham@123 entered
2025-03-20 22:20:53 [main] INFO  org.openCart.Utils.TestUtils - Password Shubham@123 entered
2025-03-20 22:20:53 [main] INFO  org.openCart.Utils.TestUtils - Text Shubham entered
2025-03-20 22:20:54 [main] INFO  org.openCart.Utils.TestUtils - Agree button clicked
2025-03-20 22:20:55 [main] INFO  org.openCart.Utils.TestUtils - Button Continue clicked
2025-03-20 22:20:55 [main] INFO  org.openCart.Utils.TestUtils - Register button clicked
2025-03-20 22:21:25 [main] ERROR org.openCart.Utils.TestUtils - Text Shubhamis not found
ErrorExpected condition failed: waiting for text ('Shubham') to be present in element found by By.xpath: //*[contains(text(),'Shubham')] (tried for 30 second(s) with 500 milliseconds interval)
2025-03-20 22:21:25 [main] INFO  org.openCart.BaseTest - Starting setUp method
2025-03-20 22:21:27 [main] INFO  org.openCart.BaseTest - setUp method completed -- browser opened
2025-03-20 22:21:27 [main] INFO  org.openCart.Utils.TestUtils - Dropdown clicked
2025-03-20 22:21:28 [main] INFO  org.openCart.Utils.TestUtils - Register button clicked
2025-03-20 22:21:28 [main] INFO  org.openCart.Utils.TestUtils - Registration page launched
2025-03-20 22:21:28 [main] INFO  org.openCart.Utils.TestUtils - Text shubham entered
2025-03-20 22:21:28 [main] INFO  org.openCart.Utils.TestUtils - First name shubham entered
2025-03-20 22:21:28 [main] INFO  org.openCart.Utils.TestUtils - Text chakole entered
2025-03-20 22:21:28 [main] INFO  org.openCart.Utils.TestUtils - Last name chakole entered
2025-03-20 22:21:28 [main] INFO  org.openCart.Utils.TestUtils - Text shubhamchakole@gmail.com entered
2025-03-20 22:21:28 [main] INFO  org.openCart.Utils.TestUtils - Email shubhamchakole@gmail.com entered
2025-03-20 22:21:28 [main] INFO  org.openCart.Utils.TestUtils - Text 8055899488 entered
2025-03-20 22:21:28 [main] INFO  org.openCart.Utils.TestUtils - Telephone8055899488 entered
2025-03-20 22:21:28 [main] INFO  org.openCart.Utils.TestUtils - Text Shubham@123 entered
2025-03-20 22:21:28 [main] INFO  org.openCart.Utils.TestUtils - Password Shubham@123 entered
2025-03-20 22:21:28 [main] INFO  org.openCart.Utils.TestUtils - Text Shubham entered
2025-03-20 22:21:29 [main] INFO  org.openCart.Utils.TestUtils - Agree button clicked
2025-03-20 22:21:29 [main] INFO  org.openCart.Utils.TestUtils - Button Continue clicked
2025-03-20 22:21:29 [main] INFO  org.openCart.Utils.TestUtils - Register button clicked
2025-03-20 22:21:59 [main] ERROR org.openCart.Utils.TestUtils - Text Shubhamis not found
ErrorExpected condition failed: waiting for text ('Shubham') to be present in element found by By.xpath: //*[contains(text(),'Shubham')] (tried for 30 second(s) with 500 milliseconds interval)
2025-03-20 22:21:59 [main] INFO  org.openCart.Utils.TestListener - onTestFailure method executing
2025-03-20 22:22:00 [main] INFO  org.openCart.BaseTest - TearDown method executing
2025-03-20 22:22:00 [main] INFO  org.openCart.BaseTest - Browser closed
2025-03-20 22:22:00 [main] INFO  org.openCart.Utils.TestListener - onTestFailure method executing
2025-03-20 22:25:15 [main] INFO  org.openCart.BaseTest - Starting setUp method
2025-03-20 22:25:18 [main] INFO  org.openCart.BaseTest - setUp method completed -- browser opened
2025-03-20 22:25:18 [main] INFO  org.openCart.Utils.TestUtils - Dropdown clicked
2025-03-20 22:25:19 [main] INFO  org.openCart.Utils.TestUtils - Register button clicked
2025-03-20 22:25:19 [main] INFO  org.openCart.Utils.TestUtils - Registration page launched
2025-03-20 22:25:19 [main] INFO  org.openCart.Utils.TestUtils - Text shubham entered
2025-03-20 22:25:19 [main] INFO  org.openCart.Utils.TestUtils - First name shubham entered
2025-03-20 22:25:19 [main] INFO  org.openCart.Utils.TestUtils - Text chakole entered
2025-03-20 22:25:19 [main] INFO  org.openCart.Utils.TestUtils - Last name chakole entered
2025-03-20 22:25:19 [main] INFO  org.openCart.Utils.TestUtils - Text shubhamchakole@gmail.com entered
2025-03-20 22:25:19 [main] INFO  org.openCart.Utils.TestUtils - Email shubhamchakole@gmail.com entered
2025-03-20 22:25:19 [main] INFO  org.openCart.Utils.TestUtils - Text 8055899488 entered
2025-03-20 22:25:19 [main] INFO  org.openCart.Utils.TestUtils - Telephone8055899488 entered
2025-03-20 22:25:19 [main] INFO  org.openCart.Utils.TestUtils - Text Shubham@123 entered
2025-03-20 22:25:19 [main] INFO  org.openCart.Utils.TestUtils - Password Shubham@123 entered
2025-03-20 22:25:19 [main] INFO  org.openCart.Utils.TestUtils - Text Shubham entered
2025-03-20 22:25:21 [main] INFO  org.openCart.Utils.TestUtils - Agree button clicked
2025-03-20 22:25:21 [main] INFO  org.openCart.Utils.TestUtils - Button Continue clicked
2025-03-20 22:25:21 [main] INFO  org.openCart.Utils.TestUtils - Register button clicked
2025-03-20 22:25:51 [main] ERROR org.openCart.Utils.TestUtils - Text Shubhamis not found
ErrorExpected condition failed: waiting for text ('Shubham') to be present in element found by By.xpath: //*[contains(text(),'Shubham')] (tried for 30 second(s) with 500 milliseconds interval)
2025-03-20 22:25:51 [main] INFO  org.openCart.BaseTest - Starting setUp method
2025-03-20 22:25:54 [main] INFO  org.openCart.BaseTest - setUp method completed -- browser opened
2025-03-20 22:25:54 [main] INFO  org.openCart.Utils.TestUtils - Dropdown clicked
2025-03-20 22:25:54 [main] INFO  org.openCart.Utils.TestUtils - Register button clicked
2025-03-20 22:25:54 [main] INFO  org.openCart.Utils.TestUtils - Registration page launched
2025-03-20 22:25:54 [main] INFO  org.openCart.Utils.TestUtils - Text shubham entered
2025-03-20 22:25:54 [main] INFO  org.openCart.Utils.TestUtils - First name shubham entered
2025-03-20 22:25:54 [main] INFO  org.openCart.Utils.TestUtils - Text chakole entered
2025-03-20 22:25:54 [main] INFO  org.openCart.Utils.TestUtils - Last name chakole entered
2025-03-20 22:25:54 [main] INFO  org.openCart.Utils.TestUtils - Text shubhamchakole@gmail.com entered
2025-03-20 22:25:54 [main] INFO  org.openCart.Utils.TestUtils - Email shubhamchakole@gmail.com entered
2025-03-20 22:25:55 [main] INFO  org.openCart.Utils.TestUtils - Text 8055899488 entered
2025-03-20 22:25:55 [main] INFO  org.openCart.Utils.TestUtils - Telephone8055899488 entered
2025-03-20 22:25:55 [main] INFO  org.openCart.Utils.TestUtils - Text Shubham@123 entered
2025-03-20 22:25:55 [main] INFO  org.openCart.Utils.TestUtils - Password Shubham@123 entered
2025-03-20 22:25:55 [main] INFO  org.openCart.Utils.TestUtils - Text Shubham entered
2025-03-20 22:25:56 [main] INFO  org.openCart.Utils.TestUtils - Agree button clicked
2025-03-20 22:25:56 [main] INFO  org.openCart.Utils.TestUtils - Button Continue clicked
2025-03-20 22:25:56 [main] INFO  org.openCart.Utils.TestUtils - Register button clicked
2025-03-20 22:26:27 [main] ERROR org.openCart.Utils.TestUtils - Text Shubhamis not found
ErrorExpected condition failed: waiting for text ('Shubham') to be present in element found by By.xpath: //*[contains(text(),'Shubham')] (tried for 30 second(s) with 500 milliseconds interval)
2025-03-20 22:26:27 [main] INFO  org.openCart.Utils.TestListener - onTestFailure method executing
2025-03-20 22:26:27 [main] INFO  org.openCart.BaseTest - TearDown method executing
2025-03-20 22:26:27 [main] INFO  org.openCart.BaseTest - Browser closed
2025-03-20 22:26:27 [main] INFO  org.openCart.Utils.TestListener - onTestFailure method executing
2025-03-20 22:27:40 [main] INFO  org.openCart.BaseTest - Starting setUp method
2025-03-20 22:27:43 [main] INFO  org.openCart.BaseTest - setUp method completed -- browser opened
2025-03-20 22:27:43 [main] INFO  org.openCart.Utils.TestUtils - Dropdown clicked
2025-03-20 22:27:44 [main] INFO  org.openCart.Utils.TestUtils - Register button clicked
2025-03-20 22:27:44 [main] INFO  org.openCart.Utils.TestUtils - Registration page launched
2025-03-20 22:27:44 [main] INFO  org.openCart.Utils.TestUtils - Text shubham entered
2025-03-20 22:27:44 [main] INFO  org.openCart.Utils.TestUtils - First name shubham entered
2025-03-20 22:27:44 [main] INFO  org.openCart.Utils.TestUtils - Text chakole entered
2025-03-20 22:27:44 [main] INFO  org.openCart.Utils.TestUtils - Last name chakole entered
2025-03-20 22:27:44 [main] INFO  org.openCart.Utils.TestUtils - Text shubhamchakole@gmail.com entered
2025-03-20 22:27:44 [main] INFO  org.openCart.Utils.TestUtils - Email shubhamchakole@gmail.com entered
2025-03-20 22:27:44 [main] INFO  org.openCart.Utils.TestUtils - Text 8055899488 entered
2025-03-20 22:27:44 [main] INFO  org.openCart.Utils.TestUtils - Telephone8055899488 entered
2025-03-20 22:27:44 [main] INFO  org.openCart.Utils.TestUtils - Text Shubham@123 entered
2025-03-20 22:27:44 [main] INFO  org.openCart.Utils.TestUtils - Password Shubham@123 entered
2025-03-20 22:27:44 [main] INFO  org.openCart.Utils.TestUtils - Text Shubham entered
2025-03-20 22:27:45 [main] INFO  org.openCart.Utils.TestUtils - Agree button clicked
2025-03-20 22:27:46 [main] INFO  org.openCart.Utils.TestUtils - Button Continue clicked
2025-03-20 22:27:46 [main] INFO  org.openCart.Utils.TestUtils - Register button clicked
2025-03-20 22:28:16 [main] ERROR org.openCart.Utils.TestUtils - Text Shubhamis not found
ErrorExpected condition failed: waiting for text ('Shubham') to be present in element found by By.xpath: //*[contains(text(),'Shubham')] (tried for 30 second(s) with 500 milliseconds interval)
2025-03-20 22:28:16 [main] INFO  org.openCart.BaseTest - TearDown method executing
2025-03-20 22:28:16 [main] INFO  org.openCart.BaseTest - Browser closed
2025-03-20 22:28:17 [main] INFO  org.openCart.BaseTest - Starting setUp method
2025-03-20 22:28:19 [main] INFO  org.openCart.BaseTest - setUp method completed -- browser opened
2025-03-20 22:28:19 [main] INFO  org.openCart.Utils.TestUtils - Dropdown clicked
2025-03-20 22:28:19 [main] INFO  org.openCart.Utils.TestUtils - Register button clicked
2025-03-20 22:28:19 [main] INFO  org.openCart.Utils.TestUtils - Registration page launched
2025-03-20 22:28:19 [main] INFO  org.openCart.Utils.TestUtils - Text shubham entered
2025-03-20 22:28:19 [main] INFO  org.openCart.Utils.TestUtils - First name shubham entered
2025-03-20 22:28:19 [main] INFO  org.openCart.Utils.TestUtils - Text chakole entered
2025-03-20 22:28:19 [main] INFO  org.openCart.Utils.TestUtils - Last name chakole entered
2025-03-20 22:28:19 [main] INFO  org.openCart.Utils.TestUtils - Text shubhamchakole@gmail.com entered
2025-03-20 22:28:19 [main] INFO  org.openCart.Utils.TestUtils - Email shubhamchakole@gmail.com entered
2025-03-20 22:28:19 [main] INFO  org.openCart.Utils.TestUtils - Text 8055899488 entered
2025-03-20 22:28:19 [main] INFO  org.openCart.Utils.TestUtils - Telephone8055899488 entered
2025-03-20 22:28:19 [main] INFO  org.openCart.Utils.TestUtils - Text Shubham@123 entered
2025-03-20 22:28:19 [main] INFO  org.openCart.Utils.TestUtils - Password Shubham@123 entered
2025-03-20 22:28:19 [main] INFO  org.openCart.Utils.TestUtils - Text Shubham entered
2025-03-20 22:28:20 [main] INFO  org.openCart.Utils.TestUtils - Agree button clicked
2025-03-20 22:28:21 [main] INFO  org.openCart.Utils.TestUtils - Button Continue clicked
2025-03-20 22:28:21 [main] INFO  org.openCart.Utils.TestUtils - Register button clicked
2025-03-20 22:28:51 [main] ERROR org.openCart.Utils.TestUtils - Text Shubhamis not found
ErrorExpected condition failed: waiting for text ('Shubham') to be present in element found by By.xpath: //*[contains(text(),'Shubham')] (tried for 30 second(s) with 500 milliseconds interval)
2025-03-20 22:28:51 [main] INFO  org.openCart.Utils.TestListener - onTestFailure method executing
2025-03-20 22:28:51 [main] INFO  org.openCart.BaseTest - TearDown method executing
2025-03-20 22:28:51 [main] INFO  org.openCart.BaseTest - Browser closed
2025-03-20 22:30:28 [main] INFO  org.openCart.BaseTest - Starting setUp method
2025-03-20 22:30:31 [main] INFO  org.openCart.BaseTest - setUp method completed -- browser opened
2025-03-20 22:30:32 [main] INFO  org.openCart.Utils.TestUtils - Dropdown clicked
2025-03-20 22:30:32 [main] INFO  org.openCart.Utils.TestUtils - Register button clicked
2025-03-20 22:30:32 [main] INFO  org.openCart.Utils.TestUtils - Registration page launched
2025-03-20 22:30:32 [main] INFO  org.openCart.Utils.TestUtils - Text shubham entered
2025-03-20 22:30:32 [main] INFO  org.openCart.Utils.TestUtils - First name shubham entered
2025-03-20 22:30:32 [main] INFO  org.openCart.Utils.TestUtils - Text chakole entered
2025-03-20 22:30:32 [main] INFO  org.openCart.Utils.TestUtils - Last name chakole entered
2025-03-20 22:30:32 [main] INFO  org.openCart.Utils.TestUtils - Text shubhamchakole@gmail.com entered
2025-03-20 22:30:32 [main] INFO  org.openCart.Utils.TestUtils - Email shubhamchakole@gmail.com entered
2025-03-20 22:30:32 [main] INFO  org.openCart.Utils.TestUtils - Text 8055899488 entered
2025-03-20 22:30:32 [main] INFO  org.openCart.Utils.TestUtils - Telephone8055899488 entered
2025-03-20 22:30:33 [main] INFO  org.openCart.Utils.TestUtils - Text Shubham@123 entered
2025-03-20 22:30:33 [main] INFO  org.openCart.Utils.TestUtils - Password Shubham@123 entered
2025-03-20 22:30:33 [main] INFO  org.openCart.Utils.TestUtils - Text Shubham entered
2025-03-20 22:30:34 [main] INFO  org.openCart.Utils.TestUtils - Agree button clicked
2025-03-20 22:30:34 [main] INFO  org.openCart.Utils.TestUtils - Button Continue clicked
2025-03-20 22:30:34 [main] INFO  org.openCart.Utils.TestUtils - Register button clicked
2025-03-20 22:31:04 [main] ERROR org.openCart.Utils.TestUtils - Text Shubhamis not found
ErrorExpected condition failed: waiting for text ('Shubham') to be present in element found by By.xpath: //*[contains(text(),'Shubham')] (tried for 30 second(s) with 500 milliseconds interval)
2025-03-20 22:31:04 [main] INFO  org.openCart.BaseTest - TearDown method executing
2025-03-20 22:31:05 [main] INFO  org.openCart.BaseTest - Browser closed
2025-03-20 22:31:05 [main] INFO  org.openCart.BaseTest - Starting setUp method
2025-03-20 22:31:06 [main] INFO  org.openCart.BaseTest - setUp method completed -- browser opened
2025-03-20 22:31:06 [main] INFO  org.openCart.Utils.TestUtils - Dropdown clicked
2025-03-20 22:31:07 [main] INFO  org.openCart.Utils.TestUtils - Register button clicked
2025-03-20 22:31:07 [main] INFO  org.openCart.Utils.TestUtils - Registration page launched
2025-03-20 22:31:07 [main] INFO  org.openCart.Utils.TestUtils - Text shubham entered
2025-03-20 22:31:07 [main] INFO  org.openCart.Utils.TestUtils - First name shubham entered
2025-03-20 22:31:07 [main] INFO  org.openCart.Utils.TestUtils - Text chakole entered
2025-03-20 22:31:07 [main] INFO  org.openCart.Utils.TestUtils - Last name chakole entered
2025-03-20 22:31:07 [main] INFO  org.openCart.Utils.TestUtils - Text shubhamchakole@gmail.com entered
2025-03-20 22:31:07 [main] INFO  org.openCart.Utils.TestUtils - Email shubhamchakole@gmail.com entered
2025-03-20 22:31:07 [main] INFO  org.openCart.Utils.TestUtils - Text 8055899488 entered
2025-03-20 22:31:07 [main] INFO  org.openCart.Utils.TestUtils - Telephone8055899488 entered
2025-03-20 22:31:07 [main] INFO  org.openCart.Utils.TestUtils - Text Shubham@123 entered
2025-03-20 22:31:07 [main] INFO  org.openCart.Utils.TestUtils - Password Shubham@123 entered
2025-03-20 22:31:07 [main] INFO  org.openCart.Utils.TestUtils - Text Shubham entered
2025-03-20 22:31:08 [main] INFO  org.openCart.Utils.TestUtils - Agree button clicked
2025-03-20 22:31:08 [main] INFO  org.openCart.Utils.TestUtils - Button Continue clicked
2025-03-20 22:31:08 [main] INFO  org.openCart.Utils.TestUtils - Register button clicked
2025-03-20 22:31:39 [main] ERROR org.openCart.Utils.TestUtils - Text Shubhamis not found
ErrorExpected condition failed: waiting for text ('Shubham') to be present in element found by By.xpath: //*[contains(text(),'Shubham')] (tried for 30 second(s) with 500 milliseconds interval)
2025-03-20 22:31:39 [main] INFO  org.openCart.Utils.TestListener - onTestFailure method executing
2025-03-20 22:31:39 [main] INFO  org.openCart.BaseTest - TearDown method executing
2025-03-20 22:31:39 [main] INFO  org.openCart.BaseTest - Browser closed
2025-03-20 22:32:32 [main] INFO  org.openCart.BaseTest - Starting setUp method
2025-03-20 22:32:35 [main] INFO  org.openCart.BaseTest - setUp method completed -- browser opened
2025-03-20 22:32:35 [main] INFO  org.openCart.Utils.TestUtils - Dropdown clicked
2025-03-20 22:32:36 [main] INFO  org.openCart.Utils.TestUtils - Register button clicked
2025-03-20 22:32:36 [main] INFO  org.openCart.Utils.TestUtils - Registration page launched
2025-03-20 22:32:36 [main] INFO  org.openCart.Utils.TestUtils - Text shubham entered
2025-03-20 22:32:36 [main] INFO  org.openCart.Utils.TestUtils - First name shubham entered
2025-03-20 22:32:36 [main] INFO  org.openCart.Utils.TestUtils - Text chakole entered
2025-03-20 22:32:36 [main] INFO  org.openCart.Utils.TestUtils - Last name chakole entered
2025-03-20 22:32:36 [main] INFO  org.openCart.Utils.TestUtils - Text shubhamchakole@gmail.com entered
2025-03-20 22:32:36 [main] INFO  org.openCart.Utils.TestUtils - Email shubhamchakole@gmail.com entered
2025-03-20 22:32:36 [main] INFO  org.openCart.Utils.TestUtils - Text 8055899488 entered
2025-03-20 22:32:36 [main] INFO  org.openCart.Utils.TestUtils - Telephone8055899488 entered
2025-03-20 22:32:36 [main] INFO  org.openCart.Utils.TestUtils - Text Shubham@123 entered
2025-03-20 22:32:36 [main] INFO  org.openCart.Utils.TestUtils - Password Shubham@123 entered
2025-03-20 22:32:36 [main] INFO  org.openCart.Utils.TestUtils - Text Shubham entered
2025-03-20 22:32:37 [main] INFO  org.openCart.Utils.TestUtils - Agree button clicked
2025-03-20 22:32:38 [main] INFO  org.openCart.Utils.TestUtils - Button Continue clicked
2025-03-20 22:32:38 [main] INFO  org.openCart.Utils.TestUtils - Register button clicked
2025-03-20 22:33:08 [main] ERROR org.openCart.Utils.TestUtils - Text Shubhamis not found
ErrorExpected condition failed: waiting for text ('Shubham') to be present in element found by By.xpath: //*[contains(text(),'Shubham')] (tried for 30 second(s) with 500 milliseconds interval)
2025-03-20 22:33:08 [main] INFO  org.openCart.BaseTest - TearDown method executing
2025-03-20 22:33:08 [main] INFO  org.openCart.BaseTest - Browser closed
2025-03-20 22:33:08 [main] INFO  org.openCart.BaseTest - Starting setUp method
2025-03-20 22:33:10 [main] INFO  org.openCart.BaseTest - setUp method completed -- browser opened
2025-03-20 22:33:10 [main] INFO  org.openCart.Utils.TestUtils - Dropdown clicked
2025-03-20 22:33:11 [main] INFO  org.openCart.Utils.TestUtils - Register button clicked
2025-03-20 22:33:11 [main] INFO  org.openCart.Utils.TestUtils - Registration page launched
2025-03-20 22:33:11 [main] INFO  org.openCart.Utils.TestUtils - Text shubham entered
2025-03-20 22:33:11 [main] INFO  org.openCart.Utils.TestUtils - First name shubham entered
2025-03-20 22:33:11 [main] INFO  org.openCart.Utils.TestUtils - Text chakole entered
2025-03-20 22:33:11 [main] INFO  org.openCart.Utils.TestUtils - Last name chakole entered
2025-03-20 22:33:11 [main] INFO  org.openCart.Utils.TestUtils - Text shubhamchakole@gmail.com entered
2025-03-20 22:33:11 [main] INFO  org.openCart.Utils.TestUtils - Email shubhamchakole@gmail.com entered
2025-03-20 22:33:11 [main] INFO  org.openCart.Utils.TestUtils - Text 8055899488 entered
2025-03-20 22:33:11 [main] INFO  org.openCart.Utils.TestUtils - Telephone8055899488 entered
2025-03-20 22:33:11 [main] INFO  org.openCart.Utils.TestUtils - Text Shubham@123 entered
2025-03-20 22:33:11 [main] INFO  org.openCart.Utils.TestUtils - Password Shubham@123 entered
2025-03-20 22:33:11 [main] INFO  org.openCart.Utils.TestUtils - Text Shubham entered
2025-03-20 22:33:12 [main] INFO  org.openCart.Utils.TestUtils - Agree button clicked
2025-03-20 22:33:12 [main] INFO  org.openCart.Utils.TestUtils - Button Continue clicked
2025-03-20 22:33:12 [main] INFO  org.openCart.Utils.TestUtils - Register button clicked
2025-03-20 22:33:42 [main] ERROR org.openCart.Utils.TestUtils - Text Shubhamis not found
ErrorExpected condition failed: waiting for text ('Shubham') to be present in element found by By.xpath: //*[contains(text(),'Shubham')] (tried for 30 second(s) with 500 milliseconds interval)
2025-03-20 22:33:42 [main] INFO  org.openCart.Utils.TestListener - onTestFailure method executing
2025-03-20 22:33:43 [main] INFO  org.openCart.BaseTest - TearDown method executing
2025-03-20 22:33:43 [main] INFO  org.openCart.BaseTest - Browser closed
